<?xml version="1.0" encoding="UTF-8"?>
<!-- Generated by org.testng.reporters.JUnitXMLReporter -->
<testsuite hostname="DESKTOP-KAHI28I" ignored="0" name="Web Tests" tests="4" failures="0" timestamp="2022-02-27T13:51:04 IST" time="15.43" errors="0">
  <testcase name="test01_verifyStudent" time="1.972" classname="sanity.StudetListApi"/>
  <testcase name="test02_AddStudentAndVerify" time="0.228" classname="sanity.StudetListApi"/>
  <testcase name="test03_UpdateDtudentAndVerify" time="0.186" classname="sanity.StudetListApi"/>
  <testcase name="test04_DeleteStudent" time="0.173" classname="sanity.StudetListApi"/>
</testsuite> <!-- Web Tests -->
